<?xml version="1.0" encoding="UTF-8"?>
<!-- Generated by org.testng.reporters.JUnitReportReporter -->
<testsuite skipped="0" hostname="DESKTOP-8MTSPKV" name="com.testCases.JMB_TC_005" tests="1" failures="0" timestamp="01 Mar 2020 17:36:48 GMT" time="3.434" errors="0">
  <testcase name="JMB_TC_005" time="3.434" classname="com.testCases.JMB_TC_005"/>
</testsuite> <!-- com.testCases.JMB_TC_005 -->
