<?xml version="1.0" encoding="UTF-8"?>
<!-- Generated by org.testng.reporters.JUnitReportReporter -->
<testsuite skipped="0" hostname="DESKTOP-8MTSPKV" name="com.testCases.JMB_TC_003" tests="1" failures="0" timestamp="01 Mar 2020 17:36:48 GMT" time="10.630" errors="0">
  <testcase name="JMB_TC_003" time="10.630" classname="com.testCases.JMB_TC_003"/>
</testsuite> <!-- com.testCases.JMB_TC_003 -->
