<?xml version="1.0" encoding="UTF-8"?>
<!-- Generated by org.testng.reporters.JUnitReportReporter -->
<testsuite hostname="LAPTOP-2L1T4PHP" failures="0" tests="1" name="com.testCases.JMB_TC_001" time="6.676" errors="0" timestamp="03 Mar 2020 16:04:46 GMT" skipped="0">
  <testcase classname="com.testCases.JMB_TC_001" name="JMB_TC_001" time="6.676"/>
</testsuite> <!-- com.testCases.JMB_TC_001 -->
