<?xml version="1.0" encoding="UTF-8"?>
<!-- Generated by org.testng.reporters.JUnitReportReporter -->
<testsuite hostname="DESKTOP-H7G7QLM" failures="0" tests="1" name="com.testCases.JMB_TC_003" time="13.251" errors="0" timestamp="03 Mar 2020 01:19:57 GMT" skipped="0">
  <testcase classname="com.testCases.JMB_TC_003" name="JMB_TC_003" time="13.251"/>
</testsuite> <!-- com.testCases.JMB_TC_003 -->
